This is pdfTeX, Version 3.1415926-1.40.10 (MiKTeX 2.8) (preloaded format=pdflatex 2010.2.2)  25 MAR 2010 03:37
entering extended mode
**thesis.tex
("C:\Users\Allan\Documents\Grad School\repository\thesis\thesis.tex"
LaTeX2e <2009/09/24>
Babel <v3.8l> and hyphenation patterns for english, dumylang, nohyphenation, ge
rman, ngerman, german-x-2009-06-19, ngerman-x-2009-06-19, french, loaded.
("C:\Users\Allan\Documents\Grad School\repository\thesis\thesis.cls"
Document Class: thesis 2009/01/06 Rensselaer Polytechnic Institute
("C:\Program Files\MiKTeX 2.8\tex\latex\base\report.cls"
Document Class: report 2007/10/19 v1.4h Standard LaTeX document class
("C:\Program Files\MiKTeX 2.8\tex\latex\base\size12.clo"
File: size12.clo 2007/10/19 v1.4h Standard LaTeX file (size option)
)
\c@part=\count79
\c@chapter=\count80
\c@section=\count81
\c@subsection=\count82
\c@subsubsection=\count83
\c@paragraph=\count84
\c@subparagraph=\count85
\c@figure=\count86
\c@table=\count87
\abovecaptionskip=\skip41
\belowcaptionskip=\skip42
\bibindent=\dimen102
)
\c@firstchapter=\count88
\numcomm=\count89
\numcount=\count90
)
("C:\Program Files\MiKTeX 2.8\tex\latex\graphics\graphicx.sty"
Package: graphicx 1999/02/16 v1.0f Enhanced LaTeX Graphics (DPC,SPQR)

("C:\Program Files\MiKTeX 2.8\tex\latex\graphics\keyval.sty"
Package: keyval 1999/03/16 v1.13 key=value parser (DPC)
\KV@toks@=\toks14
)
("C:\Program Files\MiKTeX 2.8\tex\latex\graphics\graphics.sty"
Package: graphics 2009/02/05 v1.0o Standard LaTeX Graphics (DPC,SPQR)

("C:\Program Files\MiKTeX 2.8\tex\latex\graphics\trig.sty"
Package: trig 1999/03/16 v1.09 sin cos tan (DPC)
)
("C:\Program Files\MiKTeX 2.8\tex\latex\00miktex\graphics.cfg"
File: graphics.cfg 2007/01/18 v1.5 graphics configuration of teTeX/TeXLive
)
Package graphics Info: Driver file: pdftex.def on input line 91.

("C:\Program Files\MiKTeX 2.8\tex\latex\pdftex-def\pdftex.def"
File: pdftex.def 2009/08/25 v0.04m Graphics/color for pdfTeX
\Gread@gobject=\count91
))
\Gin@req@height=\dimen103
\Gin@req@width=\dimen104
)
("C:\Program Files\MiKTeX 2.8\tex\latex\ltxmisc\url.sty"
\Urlmuskip=\muskip10
Package: url 2006/04/12  ver 3.3  Verb mode for urls, etc.
)
("C:\Users\Allan\Documents\Grad School\repository\thesis\thesis.aux")
LaTeX Font Info:    Checking defaults for OML/cmm/m/it on input line 35.
LaTeX Font Info:    ... okay on input line 35.
LaTeX Font Info:    Checking defaults for T1/cmr/m/n on input line 35.
LaTeX Font Info:    ... okay on input line 35.
LaTeX Font Info:    Checking defaults for OT1/cmr/m/n on input line 35.
LaTeX Font Info:    ... okay on input line 35.
LaTeX Font Info:    Checking defaults for OMS/cmsy/m/n on input line 35.
LaTeX Font Info:    ... okay on input line 35.
LaTeX Font Info:    Checking defaults for OMX/cmex/m/n on input line 35.
LaTeX Font Info:    ... okay on input line 35.
LaTeX Font Info:    Checking defaults for U/cmr/m/n on input line 35.
LaTeX Font Info:    ... okay on input line 35.

("C:\Program Files\MiKTeX 2.8\tex\context\base\supp-pdf.tex"
[Loading MPS to PDF converter (version 2006.09.02).]
\scratchcounter=\count92
\scratchdimen=\dimen105
\scratchbox=\box26
\nofMPsegments=\count93
\nofMParguments=\count94
\everyMPshowfont=\toks15
\MPscratchCnt=\count95
\MPscratchDim=\dimen106
\MPnumerator=\count96
\everyMPtoPDFconversion=\toks16
) [1

{C:/ProgramData/MiKTeX/2.8/pdftex/config/pdftex.map}]
("C:\Users\Allan\Documents\Grad School\repository\thesis\thesis.toc"
LaTeX Font Info:    External font `cmex10' loaded for size
(Font)              <12> on input line 1.
LaTeX Font Info:    External font `cmex10' loaded for size
(Font)              <8> on input line 1.
LaTeX Font Info:    External font `cmex10' loaded for size
(Font)              <6> on input line 1.
)
\tf@toc=\write3
 [2

]
("C:\Users\Allan\Documents\Grad School\repository\thesis\thesis.lot")
\tf@lot=\write4
 [3

]
("C:\Users\Allan\Documents\Grad School\repository\thesis\thesis.lof")
\tf@lof=\write5
 [4

]
[5

] [6

]
 1.
[1

] <images/house.png, id=26, 184.69pt x 152.57pt>
File: images/house.png Graphic file (type png)
 <use images/house.png>
<images/Bending.png, id=27, 323.2075pt x 203.76125pt>
File: images/Bending.png Graphic file (type png)
 <use images/Bending.png>
[2 <C:/Users/Allan/Documents/Grad School/repository/thesis/images/house.png (PN
G copy)> <C:/Users/Allan/Documents/Grad School/repository/thesis/images/Bending
.png>] <images/isler_dome_1.jpg, id=35, 72.27pt x 48.14989pt>
File: images/isler_dome_1.jpg Graphic file (type jpg)

<use images/isler_dome_1.jpg>
<images/twa_flight_center.jpg, id=36, 803.0pt x 394.47375pt>
File: images/twa_flight_center.jpg Graphic file (type jpg)

<use images/twa_flight_center.jpg>
<images/kresge_auditorium.jpg, id=37, 401.5pt x 263.98625pt>
File: images/kresge_auditorium.jpg Graphic file (type jpg)

<use images/kresge_auditorium.jpg>
<images/montreal_biosphere.jpg, id=38, 803.0pt x 602.25pt>
File: images/montreal_biosphere.jpg Graphic file (type jpg)

<use images/montreal_biosphere.jpg>
<images/arch.png, id=39, 555.57562pt x 359.84438pt>
File: images/arch.png Graphic file (type png)
 <use images/arch.png>
[3 <C:/Users/Allan/Documents/Grad School/repository/thesis/images/isler_dome_1.
jpg>] [4 <C:/Users/Allan/Documents/Grad School/repository/thesis/images/twa_fli
ght_center.jpg> <C:/Users/Allan/Documents/Grad School/repository/thesis/images/
kresge_auditorium.jpg>]
<images/gateway_arch.jpg, id=46, 1951.29pt x 2601.72pt>
File: images/gateway_arch.jpg Graphic file (type jpg)

<use images/gateway_arch.jpg>
<images/catenary.png, id=47, 473.77pt x 307.1475pt>
File: images/catenary.png Graphic file (type png)
 <use images/catenary.png>
[5 <C:/Users/Allan/Documents/Grad School/repository/thesis/images/montreal_bios
phere.jpg>] [6 <C:/Users/Allan/Documents/Grad School/repository/thesis/images/a
rch.png> <C:/Users/Allan/Documents/Grad School/repository/thesis/images/gateway
_arch.jpg>] [7 <C:/Users/Allan/Documents/Grad School/repository/thesis/images/c
atenary.png>] [8] [9]
 2.
<images/screenshot.png, id=65, 915.42pt x 629.35126pt>
File: images/screenshot.png Graphic file (type png)

<use images/screenshot.png> [10

] [11 <C:/Users/Allan/Documents/Grad School/repository/thesis/images/screenshot
.png>]
("C:\Users\Allan\Documents\Grad School\repository\thesis\thesis.bbl") [12

]
("C:\Users\Allan\Documents\Grad School\repository\thesis\thesis.aux") ) 
Here is how much of TeX's memory you used:
 1179 strings out of 495285
 15956 string characters out of 3180395
 68146 words of memory out of 3000000
 4396 multiletter control sequences out of 15000+200000
 8156 words of font info for 29 fonts, out of 3000000 for 9000
 14 hyphenation exceptions out of 8191
 28i,7n,21p,199b,314s stack positions out of 5000i,500n,10000p,200000b,50000s
<C:/Prog
ram Files/MiKTeX 2.8/fonts/type1/public/amsfonts/cm/cmbx12.pfb><C:/Program File
s/MiKTeX 2.8/fonts/type1/public/amsfonts/cm/cmmi12.pfb><C:/Program Files/MiKTeX
 2.8/fonts/type1/public/amsfonts/cm/cmr12.pfb><C:/Program Files/MiKTeX 2.8/font
s/type1/public/amsfonts/cm/cmr8.pfb><C:/Program Files/MiKTeX 2.8/fonts/type1/pu
blic/amsfonts/cm/cmti12.pfb><C:/Program Files/MiKTeX 2.8/fonts/type1/public/ams
fonts/cm/cmtt12.pfb>
Output written on thesis.pdf (18 pages, 1615579 bytes).
PDF statistics:
 97 PDF objects out of 1000 (max. 8388607)
 0 named destinations out of 1000 (max. 500000)
 51 words of extra memory for PDF output out of 10000 (max. 10000000)

